<?xml version="1.0" encoding="UTF-8"?>
<!-- Generated by org.testng.reporters.JUnitXMLReporter -->
<testsuite ignored="0" hostname="Logins" failures="0" tests="4" name="Default test" time="29.589" errors="0" timestamp="2021-09-17T16:42:16 IST">
  <testcase classname="org.personal.tests.DummyTest" name="test" time="12.129"/>
  <testcase classname="org.personal.tests.DummyTest" name="test" time="16.43"/>
  <testcase classname="org.personal.tests.DummyTest" name="test" time="16.695"/>
  <testcase classname="org.personal.tests.DummyTest" name="test" time="29.499"/>
</testsuite> <!-- Default test -->
