<?xml version="1.0" encoding="UTF-8"?>
<!-- Generated by org.testng.reporters.JUnitXMLReporter -->
<testsuite ignored="0" hostname="Logins" failures="0" tests="6" name="Test" time="28.561" errors="0" timestamp="2021-09-19T23:44:41 IST">
  <testcase classname="org.personal.tests.AmazonPageTest" name="newTest" time="0.003">
    <skipped/>
  </testcase> <!-- newTest -->
  <testcase classname="org.personal.tests.AmazonPageTest" name="newTest" time="0.003">
    <skipped/>
  </testcase> <!-- newTest -->
  <testcase classname="org.personal.tests.AmazonPageTest" name="newTest" time="0.002">
    <skipped/>
  </testcase> <!-- newTest -->
  <testcase classname="org.personal.tests.AmazonPageTest" name="amazonPageTest" time="7.523"/>
  <testcase classname="org.personal.tests.AmazonPageTest" name="amazonPageTest" time="9.861"/>
  <testcase classname="org.personal.tests.AmazonPageTest" name="amazonPageTest" time="8.442"/>
</testsuite> <!-- Test -->
